[debug] [2025-04-01T08:17:13.948Z] ----------------------------------------------------------------------
[debug] [2025-04-01T08:17:13.950Z] Command:       C:\Program Files\nodejs\node.exe C:\Users\MEGA\AppData\Roaming\npm\node_modules\firebase-tools\lib\bin\firebase.js deploy --only functions
[debug] [2025-04-01T08:17:13.951Z] CLI Version:   14.0.1
[debug] [2025-04-01T08:17:13.951Z] Platform:      win32
[debug] [2025-04-01T08:17:13.951Z] Node Version:  v20.14.0
[debug] [2025-04-01T08:17:13.951Z] Time:          Tue Apr 01 2025 17:17:13 GMT+0900 (대한민국 표준시)
[debug] [2025-04-01T08:17:13.951Z] ----------------------------------------------------------------------
[debug] 
[debug] [2025-04-01T08:17:14.076Z] > command requires scopes: ["email","openid","https://www.googleapis.com/auth/cloudplatformprojects.readonly","https://www.googleapis.com/auth/firebase","https://www.googleapis.com/auth/cloud-platform"]
[debug] [2025-04-01T08:17:14.077Z] > authorizing via signed-in user (heroyooi1018@gmail.com)
[debug] [2025-04-01T08:17:14.077Z] [iam] checking project remix-portfolio for permissions ["cloudfunctions.functions.create","cloudfunctions.functions.delete","cloudfunctions.functions.get","cloudfunctions.functions.list","cloudfunctions.functions.update","cloudfunctions.operations.get","firebase.projects.get"]
[debug] [2025-04-01T08:17:14.078Z] Checked if tokens are valid: true, expires at: 1743496920172
[debug] [2025-04-01T08:17:14.078Z] Checked if tokens are valid: true, expires at: 1743496920172
[debug] [2025-04-01T08:17:14.078Z] >>> [apiv2][query] POST https://cloudresourcemanager.googleapis.com/v1/projects/remix-portfolio:testIamPermissions [none]
[debug] [2025-04-01T08:17:14.078Z] >>> [apiv2][(partial)header] POST https://cloudresourcemanager.googleapis.com/v1/projects/remix-portfolio:testIamPermissions x-goog-quota-user=projects/remix-portfolio
[debug] [2025-04-01T08:17:14.079Z] >>> [apiv2][body] POST https://cloudresourcemanager.googleapis.com/v1/projects/remix-portfolio:testIamPermissions {"permissions":["cloudfunctions.functions.create","cloudfunctions.functions.delete","cloudfunctions.functions.get","cloudfunctions.functions.list","cloudfunctions.functions.update","cloudfunctions.operations.get","firebase.projects.get"]}
[debug] [2025-04-01T08:17:14.968Z] <<< [apiv2][status] POST https://cloudresourcemanager.googleapis.com/v1/projects/remix-portfolio:testIamPermissions 200
[debug] [2025-04-01T08:17:14.968Z] <<< [apiv2][body] POST https://cloudresourcemanager.googleapis.com/v1/projects/remix-portfolio:testIamPermissions {"permissions":["cloudfunctions.functions.create","cloudfunctions.functions.delete","cloudfunctions.functions.get","cloudfunctions.functions.list","cloudfunctions.functions.update","cloudfunctions.operations.get","firebase.projects.get"]}
[debug] [2025-04-01T08:17:14.969Z] Checked if tokens are valid: true, expires at: 1743496920172
[debug] [2025-04-01T08:17:14.969Z] Checked if tokens are valid: true, expires at: 1743496920172
[debug] [2025-04-01T08:17:14.969Z] >>> [apiv2][query] POST https://iam.googleapis.com/v1/projects/remix-portfolio/serviceAccounts/remix-portfolio@appspot.gserviceaccount.com:testIamPermissions [none]
[debug] [2025-04-01T08:17:14.969Z] >>> [apiv2][body] POST https://iam.googleapis.com/v1/projects/remix-portfolio/serviceAccounts/remix-portfolio@appspot.gserviceaccount.com:testIamPermissions {"permissions":["iam.serviceAccounts.actAs"]}
[debug] [2025-04-01T08:17:16.363Z] <<< [apiv2][status] POST https://iam.googleapis.com/v1/projects/remix-portfolio/serviceAccounts/remix-portfolio@appspot.gserviceaccount.com:testIamPermissions 200
[debug] [2025-04-01T08:17:16.363Z] <<< [apiv2][body] POST https://iam.googleapis.com/v1/projects/remix-portfolio/serviceAccounts/remix-portfolio@appspot.gserviceaccount.com:testIamPermissions {"permissions":["iam.serviceAccounts.actAs"]}
[info] 
[info] === Deploying to 'remix-portfolio'...
[info] 
[info] i  deploying functions 
[info] Running command: npm --prefix "$RESOURCE_DIR" run lint
[info] Running command: npm --prefix "$RESOURCE_DIR" run build
[info] +  functions: Finished running predeploy script. 
[debug] [2025-04-01T08:17:22.211Z] Checked if tokens are valid: true, expires at: 1743496920172
[debug] [2025-04-01T08:17:22.211Z] Checked if tokens are valid: true, expires at: 1743496920172
[debug] [2025-04-01T08:17:22.211Z] >>> [apiv2][query] GET https://cloudresourcemanager.googleapis.com/v1/projects/remix-portfolio [none]
[debug] [2025-04-01T08:17:22.988Z] <<< [apiv2][status] GET https://cloudresourcemanager.googleapis.com/v1/projects/remix-portfolio 200
[debug] [2025-04-01T08:17:22.988Z] <<< [apiv2][body] GET https://cloudresourcemanager.googleapis.com/v1/projects/remix-portfolio {"projectNumber":"254152700126","projectId":"remix-portfolio","lifecycleState":"ACTIVE","name":"remix-portfolio","labels":{"firebase":"enabled","firebase-core":"disabled"},"createTime":"2025-03-26T09:10:41.552045Z"}
[info] i  functions: preparing codebase default for deployment 
[info] i  functions: ensuring required API cloudfunctions.googleapis.com is enabled... 
[debug] [2025-04-01T08:17:22.990Z] Checked if tokens are valid: true, expires at: 1743496920172
[debug] [2025-04-01T08:17:22.990Z] Checked if tokens are valid: true, expires at: 1743496920172
[debug] [2025-04-01T08:17:22.990Z] Checked if tokens are valid: true, expires at: 1743496920172
[debug] [2025-04-01T08:17:22.990Z] Checked if tokens are valid: true, expires at: 1743496920172
[info] i  functions: ensuring required API cloudbuild.googleapis.com is enabled... 
[debug] [2025-04-01T08:17:22.990Z] Checked if tokens are valid: true, expires at: 1743496920172
[debug] [2025-04-01T08:17:22.990Z] Checked if tokens are valid: true, expires at: 1743496920172
[info] i  artifactregistry: ensuring required API artifactregistry.googleapis.com is enabled... 
[debug] [2025-04-01T08:17:22.991Z] Checked if tokens are valid: true, expires at: 1743496920172
[debug] [2025-04-01T08:17:22.991Z] Checked if tokens are valid: true, expires at: 1743496920172
[debug] [2025-04-01T08:17:22.991Z] >>> [apiv2][query] GET https://serviceusage.googleapis.com/v1/projects/remix-portfolio/services/cloudfunctions.googleapis.com [none]
[debug] [2025-04-01T08:17:22.991Z] >>> [apiv2][(partial)header] GET https://serviceusage.googleapis.com/v1/projects/remix-portfolio/services/cloudfunctions.googleapis.com x-goog-quota-user=projects/remix-portfolio
[debug] [2025-04-01T08:17:22.992Z] >>> [apiv2][query] GET https://serviceusage.googleapis.com/v1/projects/remix-portfolio/services/runtimeconfig.googleapis.com [none]
[debug] [2025-04-01T08:17:22.992Z] >>> [apiv2][(partial)header] GET https://serviceusage.googleapis.com/v1/projects/remix-portfolio/services/runtimeconfig.googleapis.com x-goog-quota-user=projects/remix-portfolio
[debug] [2025-04-01T08:17:22.993Z] >>> [apiv2][query] GET https://serviceusage.googleapis.com/v1/projects/remix-portfolio/services/cloudbuild.googleapis.com [none]
[debug] [2025-04-01T08:17:22.993Z] >>> [apiv2][(partial)header] GET https://serviceusage.googleapis.com/v1/projects/remix-portfolio/services/cloudbuild.googleapis.com x-goog-quota-user=projects/remix-portfolio
[debug] [2025-04-01T08:17:22.993Z] >>> [apiv2][query] GET https://serviceusage.googleapis.com/v1/projects/remix-portfolio/services/artifactregistry.googleapis.com [none]
[debug] [2025-04-01T08:17:22.993Z] >>> [apiv2][(partial)header] GET https://serviceusage.googleapis.com/v1/projects/remix-portfolio/services/artifactregistry.googleapis.com x-goog-quota-user=projects/remix-portfolio
[debug] [2025-04-01T08:17:23.542Z] <<< [apiv2][status] GET https://serviceusage.googleapis.com/v1/projects/remix-portfolio/services/runtimeconfig.googleapis.com 200
[debug] [2025-04-01T08:17:23.542Z] <<< [apiv2][body] GET https://serviceusage.googleapis.com/v1/projects/remix-portfolio/services/runtimeconfig.googleapis.com [omitted]
[debug] [2025-04-01T08:17:23.547Z] <<< [apiv2][status] GET https://serviceusage.googleapis.com/v1/projects/remix-portfolio/services/cloudbuild.googleapis.com 200
[debug] [2025-04-01T08:17:23.547Z] <<< [apiv2][body] GET https://serviceusage.googleapis.com/v1/projects/remix-portfolio/services/cloudbuild.googleapis.com [omitted]
[info] +  functions: required API cloudbuild.googleapis.com is enabled 
[debug] [2025-04-01T08:17:24.238Z] <<< [apiv2][status] GET https://serviceusage.googleapis.com/v1/projects/remix-portfolio/services/cloudfunctions.googleapis.com 200
[debug] [2025-04-01T08:17:24.239Z] <<< [apiv2][body] GET https://serviceusage.googleapis.com/v1/projects/remix-portfolio/services/cloudfunctions.googleapis.com [omitted]
[info] +  functions: required API cloudfunctions.googleapis.com is enabled 
[debug] [2025-04-01T08:17:24.289Z] <<< [apiv2][status] GET https://serviceusage.googleapis.com/v1/projects/remix-portfolio/services/artifactregistry.googleapis.com 200
[debug] [2025-04-01T08:17:24.289Z] <<< [apiv2][body] GET https://serviceusage.googleapis.com/v1/projects/remix-portfolio/services/artifactregistry.googleapis.com [omitted]
[info] +  artifactregistry: required API artifactregistry.googleapis.com is enabled 
[debug] [2025-04-01T08:17:24.290Z] Checked if tokens are valid: true, expires at: 1743496920172
[debug] [2025-04-01T08:17:24.290Z] Checked if tokens are valid: true, expires at: 1743496920172
[debug] [2025-04-01T08:17:24.290Z] >>> [apiv2][query] GET https://firebase.googleapis.com/v1beta1/projects/remix-portfolio/adminSdkConfig [none]
[debug] [2025-04-01T08:17:25.260Z] <<< [apiv2][status] GET https://firebase.googleapis.com/v1beta1/projects/remix-portfolio/adminSdkConfig 200
[debug] [2025-04-01T08:17:25.260Z] <<< [apiv2][body] GET https://firebase.googleapis.com/v1beta1/projects/remix-portfolio/adminSdkConfig {"projectId":"remix-portfolio","storageBucket":"remix-portfolio.firebasestorage.app"}
[debug] [2025-04-01T08:17:25.260Z] Checked if tokens are valid: true, expires at: 1743496920172
[debug] [2025-04-01T08:17:25.261Z] Checked if tokens are valid: true, expires at: 1743496920172
[debug] [2025-04-01T08:17:25.261Z] >>> [apiv2][query] GET https://runtimeconfig.googleapis.com/v1beta1/projects/remix-portfolio/configs [none]
[debug] [2025-04-01T08:17:25.853Z] <<< [apiv2][status] GET https://runtimeconfig.googleapis.com/v1beta1/projects/remix-portfolio/configs 200
[debug] [2025-04-01T08:17:25.853Z] <<< [apiv2][body] GET https://runtimeconfig.googleapis.com/v1beta1/projects/remix-portfolio/configs {"configs":[{"name":"projects/remix-portfolio/configs/gmail"}]}
[debug] [2025-04-01T08:17:25.853Z] Checked if tokens are valid: true, expires at: 1743496920172
[debug] [2025-04-01T08:17:25.853Z] Checked if tokens are valid: true, expires at: 1743496920172
[debug] [2025-04-01T08:17:25.853Z] >>> [apiv2][query] GET https://runtimeconfig.googleapis.com/v1beta1/projects/remix-portfolio/configs/gmail/variables [none]
[debug] [2025-04-01T08:17:26.147Z] <<< [apiv2][status] GET https://runtimeconfig.googleapis.com/v1beta1/projects/remix-portfolio/configs/gmail/variables 200
[debug] [2025-04-01T08:17:26.147Z] <<< [apiv2][body] GET https://runtimeconfig.googleapis.com/v1beta1/projects/remix-portfolio/configs/gmail/variables {"variables":[{"name":"projects/remix-portfolio/configs/gmail/variables/password","updateTime":"2025-04-01T07:42:11.425486963Z"},{"name":"projects/remix-portfolio/configs/gmail/variables/email","updateTime":"2025-04-01T07:42:11.331119872Z"}]}
[debug] [2025-04-01T08:17:26.147Z] Checked if tokens are valid: true, expires at: 1743496920172
[debug] [2025-04-01T08:17:26.147Z] Checked if tokens are valid: true, expires at: 1743496920172
[debug] [2025-04-01T08:17:26.147Z] Checked if tokens are valid: true, expires at: 1743496920172
[debug] [2025-04-01T08:17:26.147Z] Checked if tokens are valid: true, expires at: 1743496920172
[debug] [2025-04-01T08:17:26.147Z] >>> [apiv2][query] GET https://runtimeconfig.googleapis.com/v1beta1/projects/remix-portfolio/configs/gmail/variables/password [none]
[debug] [2025-04-01T08:17:26.148Z] >>> [apiv2][query] GET https://runtimeconfig.googleapis.com/v1beta1/projects/remix-portfolio/configs/gmail/variables/email [none]
[debug] [2025-04-01T08:17:26.419Z] <<< [apiv2][status] GET https://runtimeconfig.googleapis.com/v1beta1/projects/remix-portfolio/configs/gmail/variables/password 200
[debug] [2025-04-01T08:17:26.420Z] <<< [apiv2][body] GET https://runtimeconfig.googleapis.com/v1beta1/projects/remix-portfolio/configs/gmail/variables/password {"name":"projects/remix-portfolio/configs/gmail/variables/password","updateTime":"2025-04-01T07:42:11.425486963Z","text":"omveojoqyntpcwzb"}
[debug] [2025-04-01T08:17:26.533Z] <<< [apiv2][status] GET https://runtimeconfig.googleapis.com/v1beta1/projects/remix-portfolio/configs/gmail/variables/email 200
[debug] [2025-04-01T08:17:26.533Z] <<< [apiv2][body] GET https://runtimeconfig.googleapis.com/v1beta1/projects/remix-portfolio/configs/gmail/variables/email {"name":"projects/remix-portfolio/configs/gmail/variables/email","updateTime":"2025-04-01T07:42:11.331119872Z","text":"heroyooi1018@gmail.com"}
[debug] [2025-04-01T08:17:26.535Z] Validating nodejs source
[debug] [2025-04-01T08:17:27.603Z] > [functions] package.json contents: {
  "name": "functions",
  "scripts": {
    "lint": "echo 'skip lint'",
    "build": "tsc",
    "build:watch": "tsc --watch",
    "serve": "npm run build && firebase emulators:start --only functions",
    "shell": "npm run build && firebase functions:shell",
    "start": "npm run shell",
    "deploy": "firebase deploy --only functions",
    "logs": "firebase functions:log"
  },
  "engines": {
    "node": "22"
  },
  "main": "lib/index.js",
  "dependencies": {
    "firebase-admin": "^12.6.0",
    "firebase-functions": "^6.0.1",
    "nodemailer": "^6.10.0"
  },
  "devDependencies": {
    "@types/cors": "^2.8.17",
    "@types/express": "^5.0.1",
    "@types/nodemailer": "^6.4.17",
    "@typescript-eslint/eslint-plugin": "^5.12.0",
    "@typescript-eslint/parser": "^5.12.0",
    "eslint": "^8.9.0",
    "eslint-config-google": "^0.14.0",
    "eslint-plugin-import": "^2.25.4",
    "firebase-functions-test": "^3.1.0",
    "typescript": "^4.9.0"
  },
  "private": true
}
[debug] [2025-04-01T08:17:27.603Z] Building nodejs source
[info] i  functions: Loading and analyzing source code for codebase default to determine what to deploy 
[debug] [2025-04-01T08:17:27.605Z] Could not find functions.yaml. Must use http discovery
[debug] [2025-04-01T08:17:27.614Z] Found firebase-functions binary at 'D:\MEGA\Desktop\repo\@study\remix-portfolio\functions\node_modules\.bin\firebase-functions'
[info] Serving at port 8927

[debug] [2025-04-01T08:17:28.292Z] Got response from /__/functions.yaml {"endpoints":{"api":{"platform":"gcfv1","availableMemoryMb":256,"timeoutSeconds":30,"minInstances":null,"maxInstances":null,"ingressSettings":null,"serviceAccountEmail":null,"vpc":null,"httpsTrigger":{},"entryPoint":"api"}},"specVersion":"v1alpha1","requiredAPIs":[],"extensions":{}}
[info] i  extensions: ensuring required API firebaseextensions.googleapis.com is enabled... 
[debug] [2025-04-01T08:17:33.395Z] Checked if tokens are valid: true, expires at: 1743496920172
[debug] [2025-04-01T08:17:33.395Z] Checked if tokens are valid: true, expires at: 1743496920172
[debug] [2025-04-01T08:17:33.395Z] >>> [apiv2][query] GET https://serviceusage.googleapis.com/v1/projects/remix-portfolio/services/firebaseextensions.googleapis.com [none]
[debug] [2025-04-01T08:17:33.395Z] >>> [apiv2][(partial)header] GET https://serviceusage.googleapis.com/v1/projects/remix-portfolio/services/firebaseextensions.googleapis.com x-goog-quota-user=projects/remix-portfolio
[debug] [2025-04-01T08:17:34.517Z] <<< [apiv2][status] GET https://serviceusage.googleapis.com/v1/projects/remix-portfolio/services/firebaseextensions.googleapis.com 200
[debug] [2025-04-01T08:17:34.517Z] <<< [apiv2][body] GET https://serviceusage.googleapis.com/v1/projects/remix-portfolio/services/firebaseextensions.googleapis.com [omitted]
[info] +  extensions: required API firebaseextensions.googleapis.com is enabled 
[debug] [2025-04-01T08:17:34.518Z] > command requires scopes: ["email","openid","https://www.googleapis.com/auth/cloudplatformprojects.readonly","https://www.googleapis.com/auth/firebase","https://www.googleapis.com/auth/cloud-platform"]
[debug] [2025-04-01T08:17:34.518Z] > authorizing via signed-in user (heroyooi1018@gmail.com)
[debug] [2025-04-01T08:17:34.518Z] [iam] checking project remix-portfolio for permissions ["firebase.projects.get","firebaseextensions.instances.list"]
[debug] [2025-04-01T08:17:34.518Z] Checked if tokens are valid: true, expires at: 1743496920172
[debug] [2025-04-01T08:17:34.518Z] Checked if tokens are valid: true, expires at: 1743496920172
[debug] [2025-04-01T08:17:34.518Z] >>> [apiv2][query] POST https://cloudresourcemanager.googleapis.com/v1/projects/remix-portfolio:testIamPermissions [none]
[debug] [2025-04-01T08:17:34.518Z] >>> [apiv2][(partial)header] POST https://cloudresourcemanager.googleapis.com/v1/projects/remix-portfolio:testIamPermissions x-goog-quota-user=projects/remix-portfolio
[debug] [2025-04-01T08:17:34.518Z] >>> [apiv2][body] POST https://cloudresourcemanager.googleapis.com/v1/projects/remix-portfolio:testIamPermissions {"permissions":["firebase.projects.get","firebaseextensions.instances.list"]}
[debug] [2025-04-01T08:17:35.254Z] <<< [apiv2][status] POST https://cloudresourcemanager.googleapis.com/v1/projects/remix-portfolio:testIamPermissions 200
[debug] [2025-04-01T08:17:35.254Z] <<< [apiv2][body] POST https://cloudresourcemanager.googleapis.com/v1/projects/remix-portfolio:testIamPermissions {"permissions":["firebase.projects.get","firebaseextensions.instances.list"]}
[debug] [2025-04-01T08:17:35.255Z] Checked if tokens are valid: true, expires at: 1743496920172
[debug] [2025-04-01T08:17:35.255Z] Checked if tokens are valid: true, expires at: 1743496920172
[debug] [2025-04-01T08:17:35.256Z] >>> [apiv2][query] GET https://firebaseextensions.googleapis.com/v1beta/projects/remix-portfolio/instances pageSize=100&pageToken=
[debug] [2025-04-01T08:17:36.576Z] <<< [apiv2][status] GET https://firebaseextensions.googleapis.com/v1beta/projects/remix-portfolio/instances 200
[debug] [2025-04-01T08:17:36.576Z] <<< [apiv2][body] GET https://firebaseextensions.googleapis.com/v1beta/projects/remix-portfolio/instances {}
[info] i  functions: preparing functions directory for uploading... 
[info] i  functions: packaged D:\MEGA\Desktop\repo\@study\remix-portfolio\functions (89.33 KB) for uploading 
[debug] [2025-04-01T08:17:36.646Z] Checked if tokens are valid: true, expires at: 1743496920172
[debug] [2025-04-01T08:17:36.646Z] Checked if tokens are valid: true, expires at: 1743496920172
[debug] [2025-04-01T08:17:36.647Z] >>> [apiv2][query] GET https://cloudfunctions.googleapis.com/v1/projects/remix-portfolio/locations/-/functions [none]
[debug] [2025-04-01T08:17:37.716Z] <<< [apiv2][status] GET https://cloudfunctions.googleapis.com/v1/projects/remix-portfolio/locations/-/functions 200
[debug] [2025-04-01T08:17:37.717Z] <<< [apiv2][body] GET https://cloudfunctions.googleapis.com/v1/projects/remix-portfolio/locations/-/functions {"functions":[{"name":"projects/remix-portfolio/locations/us-central1/functions/api","httpsTrigger":{"url":"https://us-central1-remix-portfolio.cloudfunctions.net/api","securityLevel":"SECURE_ALWAYS"},"status":"ACTIVE","entryPoint":"api","timeout":"30s","availableMemoryMb":256,"serviceAccountEmail":"remix-portfolio@appspot.gserviceaccount.com","updateTime":"2025-04-01T07:49:21.552453903Z","versionId":"1","labels":{"deployment-tool":"cli-firebase","firebase-functions-hash":"2fc35d6d515aaa556f665c41ba44818d8f73befe"},"sourceUploadUrl":"https://storage.googleapis.com/uploads-599697328741.us-central1.cloudfunctions.appspot.com/00a14973-14b4-481f-bb0c-9f136efbd374.zip","environmentVariables":{"FIREBASE_CONFIG":"{\"projectId\":\"remix-portfolio\",\"storageBucket\":\"remix-portfolio.firebasestorage.app\"}","GCLOUD_PROJECT":"remix-portfolio","EVENTARC_CLOUD_EVENT_SOURCE":"projects/remix-portfolio/locations/us-central1/functions/api"},"runtime":"nodejs22","ingressSettings":"ALLOW_ALL","buildId":"33500d29-8c00-40f9-a1e4-1477132208c5","buildEnvironmentVariables":{"GOOGLE_NODE_RUN_SCRIPTS":""},"buildName":"projects/254152700126/locations/us-central1/builds/33500d29-8c00-40f9-a1e4-1477132208c5","dockerRegistry":"ARTIFACT_REGISTRY","automaticUpdatePolicy":{},"buildServiceAccount":"projects/remix-portfolio/serviceAccounts/254152700126-compute@developer.gserviceaccount.com"}]}
[debug] [2025-04-01T08:17:37.720Z] Checked if tokens are valid: true, expires at: 1743496920172
[debug] [2025-04-01T08:17:37.720Z] Checked if tokens are valid: true, expires at: 1743496920172
[debug] [2025-04-01T08:17:37.720Z] >>> [apiv2][query] GET https://cloudfunctions.googleapis.com/v2/projects/remix-portfolio/locations/-/functions filter=environment%3D%22GEN_2%22
[debug] [2025-04-01T08:17:39.052Z] <<< [apiv2][status] GET https://cloudfunctions.googleapis.com/v2/projects/remix-portfolio/locations/-/functions 200
[debug] [2025-04-01T08:17:39.052Z] <<< [apiv2][body] GET https://cloudfunctions.googleapis.com/v2/projects/remix-portfolio/locations/-/functions {}
[debug] [2025-04-01T08:17:39.056Z] Checked if tokens are valid: true, expires at: 1743496920172
[debug] [2025-04-01T08:17:39.057Z] Checked if tokens are valid: true, expires at: 1743496920172
[debug] [2025-04-01T08:17:39.057Z] >>> [apiv2][query] GET https://cloudresourcemanager.googleapis.com/v1/projects/remix-portfolio [none]
[debug] [2025-04-01T08:17:39.268Z] <<< [apiv2][status] GET https://cloudresourcemanager.googleapis.com/v1/projects/remix-portfolio 200
[debug] [2025-04-01T08:17:39.268Z] <<< [apiv2][body] GET https://cloudresourcemanager.googleapis.com/v1/projects/remix-portfolio {"projectNumber":"254152700126","projectId":"remix-portfolio","lifecycleState":"ACTIVE","name":"remix-portfolio","labels":{"firebase":"enabled","firebase-core":"disabled"},"createTime":"2025-03-26T09:10:41.552045Z"}
[debug] [2025-04-01T08:17:39.269Z] Checked if tokens are valid: true, expires at: 1743496920172
[debug] [2025-04-01T08:17:39.269Z] Checked if tokens are valid: true, expires at: 1743496920172
[debug] [2025-04-01T08:17:39.269Z] >>> [apiv2][query] GET https://cloudbilling.googleapis.com/v1/projects/remix-portfolio/billingInfo [none]
[debug] [2025-04-01T08:17:40.911Z] <<< [apiv2][status] GET https://cloudbilling.googleapis.com/v1/projects/remix-portfolio/billingInfo 200
[debug] [2025-04-01T08:17:40.911Z] <<< [apiv2][body] GET https://cloudbilling.googleapis.com/v1/projects/remix-portfolio/billingInfo {"name":"projects/remix-portfolio/billingInfo","projectId":"remix-portfolio","billingAccountName":"billingAccounts/019EA6-DD026F-7C3FDB","billingEnabled":true}
[debug] [2025-04-01T08:17:40.912Z] Checked if tokens are valid: true, expires at: 1743496920172
[debug] [2025-04-01T08:17:40.912Z] Checked if tokens are valid: true, expires at: 1743496920172
[debug] [2025-04-01T08:17:40.913Z] >>> [apiv2][query] POST https://cloudfunctions.googleapis.com/v1/projects/remix-portfolio/locations/us-central1/functions:generateUploadUrl [none]
[debug] [2025-04-01T08:17:40.913Z] >>> [apiv2][body] POST https://cloudfunctions.googleapis.com/v1/projects/remix-portfolio/locations/us-central1/functions:generateUploadUrl {}
[debug] [2025-04-01T08:17:41.558Z] <<< [apiv2][status] POST https://cloudfunctions.googleapis.com/v1/projects/remix-portfolio/locations/us-central1/functions:generateUploadUrl 200
[debug] [2025-04-01T08:17:41.559Z] <<< [apiv2][body] POST https://cloudfunctions.googleapis.com/v1/projects/remix-portfolio/locations/us-central1/functions:generateUploadUrl {"uploadUrl":"https://storage.googleapis.com/uploads-599697328741.us-central1.cloudfunctions.appspot.com/d2283bc6-52f7-4cb6-9300-1eab2450c05d.zip?GoogleAccessId=service-254152700126@gcf-admin-robot.iam.gserviceaccount.com&Expires=1743497261&Signature=koLv9S9ZtQjhxMBbFFcXPaXQt%2Fi%2B6h6FzvsXhMSBDEFC8wz2N5sgM8BoJ0B0%2FNQo3Y6wE9so7oIA48Lgeg7FXN%2BySqxu5upMJBm67pkfnSpfbKwqc8zvG7zsa6O0l7tpvzk6fU3e4KxZzIvZRLv4mfUGXzist4JGoBQVymMYZpi%2FLIOjfoMqSGqMdrOP8Oh1t8xdjXD9HNEr%2BuC47dQjzNr%2BWoAYp1aBiSv4iPchT9NjBcrqtxfnKC%2FLyd7vtTRYuAbbuoZWRan%2BOoCI17Ey%2BYPk5QXs8Dr0a4YClRMqlmYXdQdvyKVl1H1uYAE0VmCpNczCoDTBM53jq4B1EGtgVw%3D%3D"}
[debug] [2025-04-01T08:17:41.560Z] >>> [apiv2][query] PUT https://storage.googleapis.com/uploads-599697328741.us-central1.cloudfunctions.appspot.com/d2283bc6-52f7-4cb6-9300-1eab2450c05d.zip GoogleAccessId=service-254152700126%40gcf-admin-robot.iam.gserviceaccount.com&Expires=1743497261&Signature=koLv9S9ZtQjhxMBbFFcXPaXQt%2Fi%2B6h6FzvsXhMSBDEFC8wz2N5sgM8BoJ0B0%2FNQo3Y6wE9so7oIA48Lgeg7FXN%2BySqxu5upMJBm67pkfnSpfbKwqc8zvG7zsa6O0l7tpvzk6fU3e4KxZzIvZRLv4mfUGXzist4JGoBQVymMYZpi%2FLIOjfoMqSGqMdrOP8Oh1t8xdjXD9HNEr%2BuC47dQjzNr%2BWoAYp1aBiSv4iPchT9NjBcrqtxfnKC%2FLyd7vtTRYuAbbuoZWRan%2BOoCI17Ey%2BYPk5QXs8Dr0a4YClRMqlmYXdQdvyKVl1H1uYAE0VmCpNczCoDTBM53jq4B1EGtgVw%3D%3D
[debug] [2025-04-01T08:17:41.560Z] >>> [apiv2][body] PUT https://storage.googleapis.com/uploads-599697328741.us-central1.cloudfunctions.appspot.com/d2283bc6-52f7-4cb6-9300-1eab2450c05d.zip [stream]
[debug] [2025-04-01T08:17:42.159Z] <<< [apiv2][status] PUT https://storage.googleapis.com/uploads-599697328741.us-central1.cloudfunctions.appspot.com/d2283bc6-52f7-4cb6-9300-1eab2450c05d.zip 200
[debug] [2025-04-01T08:17:42.159Z] <<< [apiv2][body] PUT https://storage.googleapis.com/uploads-599697328741.us-central1.cloudfunctions.appspot.com/d2283bc6-52f7-4cb6-9300-1eab2450c05d.zip [omitted]
[info] +  functions: functions folder uploaded successfully 
[info] i  functions: updating Node.js 22 (1st Gen) function api(us-central1)... 
[debug] [2025-04-01T08:17:42.169Z] Checked if tokens are valid: true, expires at: 1743496920172
[debug] [2025-04-01T08:17:42.170Z] Checked if tokens are valid: true, expires at: 1743496920172
[debug] [2025-04-01T08:17:42.170Z] >>> [apiv2][query] PATCH https://cloudfunctions.googleapis.com/v1/projects/remix-portfolio/locations/us-central1/functions/api updateMask=name%2CsourceUploadUrl%2CentryPoint%2Cruntime%2CdockerRegistry%2Clabels%2ChttpsTrigger.securityLevel%2CminInstances%2CmaxInstances%2CingressSettings%2CenvironmentVariables%2CserviceAccountEmail%2CavailableMemoryMb%2Ctimeout%2CvpcConnector%2CvpcConnectorEgressSettings%2CsourceToken%2CbuildEnvironmentVariables
[debug] [2025-04-01T08:17:42.170Z] >>> [apiv2][body] PATCH https://cloudfunctions.googleapis.com/v1/projects/remix-portfolio/locations/us-central1/functions/api {"name":"projects/remix-portfolio/locations/us-central1/functions/api","sourceUploadUrl":"https://storage.googleapis.com/uploads-599697328741.us-central1.cloudfunctions.appspot.com/d2283bc6-52f7-4cb6-9300-1eab2450c05d.zip?GoogleAccessId=service-254152700126@gcf-admin-robot.iam.gserviceaccount.com&Expires=1743497261&Signature=koLv9S9ZtQjhxMBbFFcXPaXQt%2Fi%2B6h6FzvsXhMSBDEFC8wz2N5sgM8BoJ0B0%2FNQo3Y6wE9so7oIA48Lgeg7FXN%2BySqxu5upMJBm67pkfnSpfbKwqc8zvG7zsa6O0l7tpvzk6fU3e4KxZzIvZRLv4mfUGXzist4JGoBQVymMYZpi%2FLIOjfoMqSGqMdrOP8Oh1t8xdjXD9HNEr%2BuC47dQjzNr%2BWoAYp1aBiSv4iPchT9NjBcrqtxfnKC%2FLyd7vtTRYuAbbuoZWRan%2BOoCI17Ey%2BYPk5QXs8Dr0a4YClRMqlmYXdQdvyKVl1H1uYAE0VmCpNczCoDTBM53jq4B1EGtgVw%3D%3D","entryPoint":"api","runtime":"nodejs22","dockerRegistry":"ARTIFACT_REGISTRY","labels":{"deployment-tool":"cli-firebase","firebase-functions-hash":"8c690b70da36d71e14174a20549a8d3714b468c0"},"httpsTrigger":{"securityLevel":"SECURE_ALWAYS"},"minInstances":null,"maxInstances":null,"ingressSettings":null,"environmentVariables":{"FIREBASE_CONFIG":"{\"projectId\":\"remix-portfolio\",\"storageBucket\":\"remix-portfolio.firebasestorage.app\"}","GCLOUD_PROJECT":"remix-portfolio","EVENTARC_CLOUD_EVENT_SOURCE":"projects/remix-portfolio/locations/us-central1/functions/api"},"serviceAccountEmail":null,"availableMemoryMb":256,"timeout":"30s","vpcConnector":null,"vpcConnectorEgressSettings":null,"buildEnvironmentVariables":{"GOOGLE_NODE_RUN_SCRIPTS":""}}
[debug] [2025-04-01T08:17:42.957Z] <<< [apiv2][status] PATCH https://cloudfunctions.googleapis.com/v1/projects/remix-portfolio/locations/us-central1/functions/api 200
[debug] [2025-04-01T08:17:42.957Z] <<< [apiv2][body] PATCH https://cloudfunctions.googleapis.com/v1/projects/remix-portfolio/locations/us-central1/functions/api {"name":"operations/cmVtaXgtcG9ydGZvbGlvL3VzLWNlbnRyYWwxL2FwaS9YdGxfbFJXeDFFdw","metadata":{"@type":"type.googleapis.com/google.cloud.functions.v1.OperationMetadataV1","target":"projects/remix-portfolio/locations/us-central1/functions/api","type":"UPDATE_FUNCTION","request":{"@type":"type.googleapis.com/google.cloud.functions.v1.CloudFunction","name":"projects/remix-portfolio/locations/us-central1/functions/api","httpsTrigger":{"url":"https://us-central1-remix-portfolio.cloudfunctions.net/api","securityLevel":"SECURE_ALWAYS"},"status":"ACTIVE","entryPoint":"api","timeout":"30s","availableMemoryMb":256,"updateTime":"2025-04-01T07:49:20.008Z","versionId":"1","labels":{"deployment-tool":"cli-firebase","firebase-functions-hash":"8c690b70da36d71e14174a20549a8d3714b468c0"},"sourceUploadUrl":"https://storage.googleapis.com/uploads-599697328741.us-central1.cloudfunctions.appspot.com/d2283bc6-52f7-4cb6-9300-1eab2450c05d.zip?GoogleAccessId=service-254152700126@gcf-admin-robot.iam.gserviceaccount.com&Expires=1743497261&Signature=koLv9S9ZtQjhxMBbFFcXPaXQt%2Fi%2B6h6FzvsXhMSBDEFC8wz2N5sgM8BoJ0B0%2FNQo3Y6wE9so7oIA48Lgeg7FXN%2BySqxu5upMJBm67pkfnSpfbKwqc8zvG7zsa6O0l7tpvzk6fU3e4KxZzIvZRLv4mfUGXzist4JGoBQVymMYZpi%2FLIOjfoMqSGqMdrOP8Oh1t8xdjXD9HNEr%2BuC47dQjzNr%2BWoAYp1aBiSv4iPchT9NjBcrqtxfnKC%2FLyd7vtTRYuAbbuoZWRan%2BOoCI17Ey%2BYPk5QXs8Dr0a4YClRMqlmYXdQdvyKVl1H1uYAE0VmCpNczCoDTBM53jq4B1EGtgVw%3D%3D","environmentVariables":{"FIREBASE_CONFIG":"{\"projectId\":\"remix-portfolio\",\"storageBucket\":\"remix-portfolio.firebasestorage.app\"}","GCLOUD_PROJECT":"remix-portfolio","EVENTARC_CLOUD_EVENT_SOURCE":"projects/remix-portfolio/locations/us-central1/functions/api"},"runtime":"nodejs22","buildId":"33500d29-8c00-40f9-a1e4-1477132208c5","buildEnvironmentVariables":{"GOOGLE_NODE_RUN_SCRIPTS":""},"buildName":"projects/254152700126/locations/us-central1/builds/33500d29-8c00-40f9-a1e4-1477132208c5","dockerRegistry":"ARTIFACT_REGISTRY","automaticUpdatePolicy":{},"buildServiceAccount":"projects/remix-portfolio/serviceAccounts/254152700126-compute@developer.gserviceaccount.com"},"versionId":"2","updateTime":"2025-04-01T08:17:43Z"}}
[debug] [2025-04-01T08:17:42.958Z] Checked if tokens are valid: true, expires at: 1743496920172
[debug] [2025-04-01T08:17:42.958Z] Checked if tokens are valid: true, expires at: 1743496920172
[debug] [2025-04-01T08:17:42.958Z] >>> [apiv2][query] GET https://cloudfunctions.googleapis.com/v1/operations/cmVtaXgtcG9ydGZvbGlvL3VzLWNlbnRyYWwxL2FwaS9YdGxfbFJXeDFFdw [none]
[debug] [2025-04-01T08:17:43.488Z] <<< [apiv2][status] GET https://cloudfunctions.googleapis.com/v1/operations/cmVtaXgtcG9ydGZvbGlvL3VzLWNlbnRyYWwxL2FwaS9YdGxfbFJXeDFFdw 200
[debug] [2025-04-01T08:17:43.488Z] <<< [apiv2][body] GET https://cloudfunctions.googleapis.com/v1/operations/cmVtaXgtcG9ydGZvbGlvL3VzLWNlbnRyYWwxL2FwaS9YdGxfbFJXeDFFdw {"name":"operations/cmVtaXgtcG9ydGZvbGlvL3VzLWNlbnRyYWwxL2FwaS9YdGxfbFJXeDFFdw","metadata":{"@type":"type.googleapis.com/google.cloud.functions.v1.OperationMetadataV1","target":"projects/remix-portfolio/locations/us-central1/functions/api","type":"UPDATE_FUNCTION","request":{"@type":"type.googleapis.com/google.cloud.functions.v1.CloudFunction","name":"projects/remix-portfolio/locations/us-central1/functions/api","httpsTrigger":{"url":"https://us-central1-remix-portfolio.cloudfunctions.net/api","securityLevel":"SECURE_ALWAYS"},"status":"ACTIVE","entryPoint":"api","timeout":"30s","availableMemoryMb":256,"updateTime":"2025-04-01T07:49:20.008Z","versionId":"1","labels":{"deployment-tool":"cli-firebase","firebase-functions-hash":"8c690b70da36d71e14174a20549a8d3714b468c0"},"sourceUploadUrl":"https://storage.googleapis.com/uploads-599697328741.us-central1.cloudfunctions.appspot.com/d2283bc6-52f7-4cb6-9300-1eab2450c05d.zip?GoogleAccessId=service-254152700126@gcf-admin-robot.iam.gserviceaccount.com&Expires=1743497261&Signature=koLv9S9ZtQjhxMBbFFcXPaXQt%2Fi%2B6h6FzvsXhMSBDEFC8wz2N5sgM8BoJ0B0%2FNQo3Y6wE9so7oIA48Lgeg7FXN%2BySqxu5upMJBm67pkfnSpfbKwqc8zvG7zsa6O0l7tpvzk6fU3e4KxZzIvZRLv4mfUGXzist4JGoBQVymMYZpi%2FLIOjfoMqSGqMdrOP8Oh1t8xdjXD9HNEr%2BuC47dQjzNr%2BWoAYp1aBiSv4iPchT9NjBcrqtxfnKC%2FLyd7vtTRYuAbbuoZWRan%2BOoCI17Ey%2BYPk5QXs8Dr0a4YClRMqlmYXdQdvyKVl1H1uYAE0VmCpNczCoDTBM53jq4B1EGtgVw%3D%3D","environmentVariables":{"FIREBASE_CONFIG":"{\"projectId\":\"remix-portfolio\",\"storageBucket\":\"remix-portfolio.firebasestorage.app\"}","GCLOUD_PROJECT":"remix-portfolio","EVENTARC_CLOUD_EVENT_SOURCE":"projects/remix-portfolio/locations/us-central1/functions/api"},"runtime":"nodejs22","buildId":"33500d29-8c00-40f9-a1e4-1477132208c5","buildEnvironmentVariables":{"GOOGLE_NODE_RUN_SCRIPTS":""},"buildName":"projects/254152700126/locations/us-central1/builds/33500d29-8c00-40f9-a1e4-1477132208c5","dockerRegistry":"ARTIFACT_REGISTRY","automaticUpdatePolicy":{},"buildServiceAccount":"projects/remix-portfolio/serviceAccounts/254152700126-compute@developer.gserviceaccount.com"},"versionId":"2","updateTime":"2025-04-01T08:17:43Z"}}
[debug] [2025-04-01T08:17:43.989Z] [update-default-us-central1-api] Retrying task index 0
[debug] [2025-04-01T08:17:43.990Z] Checked if tokens are valid: true, expires at: 1743496920172
[debug] [2025-04-01T08:17:43.990Z] Checked if tokens are valid: true, expires at: 1743496920172
[debug] [2025-04-01T08:17:43.990Z] >>> [apiv2][query] GET https://cloudfunctions.googleapis.com/v1/operations/cmVtaXgtcG9ydGZvbGlvL3VzLWNlbnRyYWwxL2FwaS9YdGxfbFJXeDFFdw [none]
[debug] [2025-04-01T08:17:44.290Z] <<< [apiv2][status] GET https://cloudfunctions.googleapis.com/v1/operations/cmVtaXgtcG9ydGZvbGlvL3VzLWNlbnRyYWwxL2FwaS9YdGxfbFJXeDFFdw 200
[debug] [2025-04-01T08:17:44.291Z] <<< [apiv2][body] GET https://cloudfunctions.googleapis.com/v1/operations/cmVtaXgtcG9ydGZvbGlvL3VzLWNlbnRyYWwxL2FwaS9YdGxfbFJXeDFFdw {"name":"operations/cmVtaXgtcG9ydGZvbGlvL3VzLWNlbnRyYWwxL2FwaS9YdGxfbFJXeDFFdw","metadata":{"@type":"type.googleapis.com/google.cloud.functions.v1.OperationMetadataV1","target":"projects/remix-portfolio/locations/us-central1/functions/api","type":"UPDATE_FUNCTION","request":{"@type":"type.googleapis.com/google.cloud.functions.v1.CloudFunction","name":"projects/remix-portfolio/locations/us-central1/functions/api","httpsTrigger":{"url":"https://us-central1-remix-portfolio.cloudfunctions.net/api","securityLevel":"SECURE_ALWAYS"},"status":"ACTIVE","entryPoint":"api","timeout":"30s","availableMemoryMb":256,"updateTime":"2025-04-01T07:49:20.008Z","versionId":"1","labels":{"deployment-tool":"cli-firebase","firebase-functions-hash":"8c690b70da36d71e14174a20549a8d3714b468c0"},"sourceUploadUrl":"https://storage.googleapis.com/uploads-599697328741.us-central1.cloudfunctions.appspot.com/d2283bc6-52f7-4cb6-9300-1eab2450c05d.zip?GoogleAccessId=service-254152700126@gcf-admin-robot.iam.gserviceaccount.com&Expires=1743497261&Signature=koLv9S9ZtQjhxMBbFFcXPaXQt%2Fi%2B6h6FzvsXhMSBDEFC8wz2N5sgM8BoJ0B0%2FNQo3Y6wE9so7oIA48Lgeg7FXN%2BySqxu5upMJBm67pkfnSpfbKwqc8zvG7zsa6O0l7tpvzk6fU3e4KxZzIvZRLv4mfUGXzist4JGoBQVymMYZpi%2FLIOjfoMqSGqMdrOP8Oh1t8xdjXD9HNEr%2BuC47dQjzNr%2BWoAYp1aBiSv4iPchT9NjBcrqtxfnKC%2FLyd7vtTRYuAbbuoZWRan%2BOoCI17Ey%2BYPk5QXs8Dr0a4YClRMqlmYXdQdvyKVl1H1uYAE0VmCpNczCoDTBM53jq4B1EGtgVw%3D%3D","environmentVariables":{"FIREBASE_CONFIG":"{\"projectId\":\"remix-portfolio\",\"storageBucket\":\"remix-portfolio.firebasestorage.app\"}","GCLOUD_PROJECT":"remix-portfolio","EVENTARC_CLOUD_EVENT_SOURCE":"projects/remix-portfolio/locations/us-central1/functions/api"},"runtime":"nodejs22","buildId":"33500d29-8c00-40f9-a1e4-1477132208c5","buildEnvironmentVariables":{"GOOGLE_NODE_RUN_SCRIPTS":""},"buildName":"projects/254152700126/locations/us-central1/builds/33500d29-8c00-40f9-a1e4-1477132208c5","dockerRegistry":"ARTIFACT_REGISTRY","automaticUpdatePolicy":{},"buildServiceAccount":"projects/remix-portfolio/serviceAccounts/254152700126-compute@developer.gserviceaccount.com"},"versionId":"2","updateTime":"2025-04-01T08:17:43Z","buildId":"7a093814-5396-4616-ae72-90daa17bcf11","buildName":"projects/254152700126/locations/us-central1/builds/7a093814-5396-4616-ae72-90daa17bcf11"}}
[debug] [2025-04-01T08:17:45.297Z] [update-default-us-central1-api] Retrying task index 0
[debug] [2025-04-01T08:17:45.298Z] Checked if tokens are valid: true, expires at: 1743496920172
[debug] [2025-04-01T08:17:45.298Z] Checked if tokens are valid: true, expires at: 1743496920172
[debug] [2025-04-01T08:17:45.298Z] >>> [apiv2][query] GET https://cloudfunctions.googleapis.com/v1/operations/cmVtaXgtcG9ydGZvbGlvL3VzLWNlbnRyYWwxL2FwaS9YdGxfbFJXeDFFdw [none]
[debug] [2025-04-01T08:17:45.594Z] <<< [apiv2][status] GET https://cloudfunctions.googleapis.com/v1/operations/cmVtaXgtcG9ydGZvbGlvL3VzLWNlbnRyYWwxL2FwaS9YdGxfbFJXeDFFdw 200
[debug] [2025-04-01T08:17:45.594Z] <<< [apiv2][body] GET https://cloudfunctions.googleapis.com/v1/operations/cmVtaXgtcG9ydGZvbGlvL3VzLWNlbnRyYWwxL2FwaS9YdGxfbFJXeDFFdw {"name":"operations/cmVtaXgtcG9ydGZvbGlvL3VzLWNlbnRyYWwxL2FwaS9YdGxfbFJXeDFFdw","metadata":{"@type":"type.googleapis.com/google.cloud.functions.v1.OperationMetadataV1","target":"projects/remix-portfolio/locations/us-central1/functions/api","type":"UPDATE_FUNCTION","request":{"@type":"type.googleapis.com/google.cloud.functions.v1.CloudFunction","name":"projects/remix-portfolio/locations/us-central1/functions/api","httpsTrigger":{"url":"https://us-central1-remix-portfolio.cloudfunctions.net/api","securityLevel":"SECURE_ALWAYS"},"status":"ACTIVE","entryPoint":"api","timeout":"30s","availableMemoryMb":256,"updateTime":"2025-04-01T07:49:20.008Z","versionId":"1","labels":{"deployment-tool":"cli-firebase","firebase-functions-hash":"8c690b70da36d71e14174a20549a8d3714b468c0"},"sourceUploadUrl":"https://storage.googleapis.com/uploads-599697328741.us-central1.cloudfunctions.appspot.com/d2283bc6-52f7-4cb6-9300-1eab2450c05d.zip?GoogleAccessId=service-254152700126@gcf-admin-robot.iam.gserviceaccount.com&Expires=1743497261&Signature=koLv9S9ZtQjhxMBbFFcXPaXQt%2Fi%2B6h6FzvsXhMSBDEFC8wz2N5sgM8BoJ0B0%2FNQo3Y6wE9so7oIA48Lgeg7FXN%2BySqxu5upMJBm67pkfnSpfbKwqc8zvG7zsa6O0l7tpvzk6fU3e4KxZzIvZRLv4mfUGXzist4JGoBQVymMYZpi%2FLIOjfoMqSGqMdrOP8Oh1t8xdjXD9HNEr%2BuC47dQjzNr%2BWoAYp1aBiSv4iPchT9NjBcrqtxfnKC%2FLyd7vtTRYuAbbuoZWRan%2BOoCI17Ey%2BYPk5QXs8Dr0a4YClRMqlmYXdQdvyKVl1H1uYAE0VmCpNczCoDTBM53jq4B1EGtgVw%3D%3D","environmentVariables":{"FIREBASE_CONFIG":"{\"projectId\":\"remix-portfolio\",\"storageBucket\":\"remix-portfolio.firebasestorage.app\"}","GCLOUD_PROJECT":"remix-portfolio","EVENTARC_CLOUD_EVENT_SOURCE":"projects/remix-portfolio/locations/us-central1/functions/api"},"runtime":"nodejs22","buildId":"33500d29-8c00-40f9-a1e4-1477132208c5","buildEnvironmentVariables":{"GOOGLE_NODE_RUN_SCRIPTS":""},"buildName":"projects/254152700126/locations/us-central1/builds/33500d29-8c00-40f9-a1e4-1477132208c5","dockerRegistry":"ARTIFACT_REGISTRY","automaticUpdatePolicy":{},"buildServiceAccount":"projects/remix-portfolio/serviceAccounts/254152700126-compute@developer.gserviceaccount.com"},"versionId":"2","updateTime":"2025-04-01T08:17:43Z","buildId":"7a093814-5396-4616-ae72-90daa17bcf11","buildName":"projects/254152700126/locations/us-central1/builds/7a093814-5396-4616-ae72-90daa17bcf11"}}
[debug] [2025-04-01T08:17:47.595Z] [update-default-us-central1-api] Retrying task index 0
[debug] [2025-04-01T08:17:47.595Z] Checked if tokens are valid: true, expires at: 1743496920172
[debug] [2025-04-01T08:17:47.595Z] Checked if tokens are valid: true, expires at: 1743496920172
[debug] [2025-04-01T08:17:47.596Z] >>> [apiv2][query] GET https://cloudfunctions.googleapis.com/v1/operations/cmVtaXgtcG9ydGZvbGlvL3VzLWNlbnRyYWwxL2FwaS9YdGxfbFJXeDFFdw [none]
[debug] [2025-04-01T08:17:47.892Z] <<< [apiv2][status] GET https://cloudfunctions.googleapis.com/v1/operations/cmVtaXgtcG9ydGZvbGlvL3VzLWNlbnRyYWwxL2FwaS9YdGxfbFJXeDFFdw 200
[debug] [2025-04-01T08:17:47.893Z] <<< [apiv2][body] GET https://cloudfunctions.googleapis.com/v1/operations/cmVtaXgtcG9ydGZvbGlvL3VzLWNlbnRyYWwxL2FwaS9YdGxfbFJXeDFFdw {"name":"operations/cmVtaXgtcG9ydGZvbGlvL3VzLWNlbnRyYWwxL2FwaS9YdGxfbFJXeDFFdw","metadata":{"@type":"type.googleapis.com/google.cloud.functions.v1.OperationMetadataV1","target":"projects/remix-portfolio/locations/us-central1/functions/api","type":"UPDATE_FUNCTION","request":{"@type":"type.googleapis.com/google.cloud.functions.v1.CloudFunction","name":"projects/remix-portfolio/locations/us-central1/functions/api","httpsTrigger":{"url":"https://us-central1-remix-portfolio.cloudfunctions.net/api","securityLevel":"SECURE_ALWAYS"},"status":"ACTIVE","entryPoint":"api","timeout":"30s","availableMemoryMb":256,"updateTime":"2025-04-01T07:49:20.008Z","versionId":"1","labels":{"deployment-tool":"cli-firebase","firebase-functions-hash":"8c690b70da36d71e14174a20549a8d3714b468c0"},"sourceUploadUrl":"https://storage.googleapis.com/uploads-599697328741.us-central1.cloudfunctions.appspot.com/d2283bc6-52f7-4cb6-9300-1eab2450c05d.zip?GoogleAccessId=service-254152700126@gcf-admin-robot.iam.gserviceaccount.com&Expires=1743497261&Signature=koLv9S9ZtQjhxMBbFFcXPaXQt%2Fi%2B6h6FzvsXhMSBDEFC8wz2N5sgM8BoJ0B0%2FNQo3Y6wE9so7oIA48Lgeg7FXN%2BySqxu5upMJBm67pkfnSpfbKwqc8zvG7zsa6O0l7tpvzk6fU3e4KxZzIvZRLv4mfUGXzist4JGoBQVymMYZpi%2FLIOjfoMqSGqMdrOP8Oh1t8xdjXD9HNEr%2BuC47dQjzNr%2BWoAYp1aBiSv4iPchT9NjBcrqtxfnKC%2FLyd7vtTRYuAbbuoZWRan%2BOoCI17Ey%2BYPk5QXs8Dr0a4YClRMqlmYXdQdvyKVl1H1uYAE0VmCpNczCoDTBM53jq4B1EGtgVw%3D%3D","environmentVariables":{"FIREBASE_CONFIG":"{\"projectId\":\"remix-portfolio\",\"storageBucket\":\"remix-portfolio.firebasestorage.app\"}","GCLOUD_PROJECT":"remix-portfolio","EVENTARC_CLOUD_EVENT_SOURCE":"projects/remix-portfolio/locations/us-central1/functions/api"},"runtime":"nodejs22","buildId":"33500d29-8c00-40f9-a1e4-1477132208c5","buildEnvironmentVariables":{"GOOGLE_NODE_RUN_SCRIPTS":""},"buildName":"projects/254152700126/locations/us-central1/builds/33500d29-8c00-40f9-a1e4-1477132208c5","dockerRegistry":"ARTIFACT_REGISTRY","automaticUpdatePolicy":{},"buildServiceAccount":"projects/remix-portfolio/serviceAccounts/254152700126-compute@developer.gserviceaccount.com"},"versionId":"2","updateTime":"2025-04-01T08:17:43Z","buildId":"7a093814-5396-4616-ae72-90daa17bcf11","buildName":"projects/254152700126/locations/us-central1/builds/7a093814-5396-4616-ae72-90daa17bcf11"}}
[debug] [2025-04-01T08:17:51.903Z] [update-default-us-central1-api] Retrying task index 0
[debug] [2025-04-01T08:17:51.903Z] Checked if tokens are valid: true, expires at: 1743496920172
[debug] [2025-04-01T08:17:51.903Z] Checked if tokens are valid: true, expires at: 1743496920172
[debug] [2025-04-01T08:17:51.903Z] >>> [apiv2][query] GET https://cloudfunctions.googleapis.com/v1/operations/cmVtaXgtcG9ydGZvbGlvL3VzLWNlbnRyYWwxL2FwaS9YdGxfbFJXeDFFdw [none]
[debug] [2025-04-01T08:17:52.272Z] <<< [apiv2][status] GET https://cloudfunctions.googleapis.com/v1/operations/cmVtaXgtcG9ydGZvbGlvL3VzLWNlbnRyYWwxL2FwaS9YdGxfbFJXeDFFdw 200
[debug] [2025-04-01T08:17:52.273Z] <<< [apiv2][body] GET https://cloudfunctions.googleapis.com/v1/operations/cmVtaXgtcG9ydGZvbGlvL3VzLWNlbnRyYWwxL2FwaS9YdGxfbFJXeDFFdw {"name":"operations/cmVtaXgtcG9ydGZvbGlvL3VzLWNlbnRyYWwxL2FwaS9YdGxfbFJXeDFFdw","metadata":{"@type":"type.googleapis.com/google.cloud.functions.v1.OperationMetadataV1","target":"projects/remix-portfolio/locations/us-central1/functions/api","type":"UPDATE_FUNCTION","request":{"@type":"type.googleapis.com/google.cloud.functions.v1.CloudFunction","name":"projects/remix-portfolio/locations/us-central1/functions/api","httpsTrigger":{"url":"https://us-central1-remix-portfolio.cloudfunctions.net/api","securityLevel":"SECURE_ALWAYS"},"status":"ACTIVE","entryPoint":"api","timeout":"30s","availableMemoryMb":256,"updateTime":"2025-04-01T07:49:20.008Z","versionId":"1","labels":{"deployment-tool":"cli-firebase","firebase-functions-hash":"8c690b70da36d71e14174a20549a8d3714b468c0"},"sourceUploadUrl":"https://storage.googleapis.com/uploads-599697328741.us-central1.cloudfunctions.appspot.com/d2283bc6-52f7-4cb6-9300-1eab2450c05d.zip?GoogleAccessId=service-254152700126@gcf-admin-robot.iam.gserviceaccount.com&Expires=1743497261&Signature=koLv9S9ZtQjhxMBbFFcXPaXQt%2Fi%2B6h6FzvsXhMSBDEFC8wz2N5sgM8BoJ0B0%2FNQo3Y6wE9so7oIA48Lgeg7FXN%2BySqxu5upMJBm67pkfnSpfbKwqc8zvG7zsa6O0l7tpvzk6fU3e4KxZzIvZRLv4mfUGXzist4JGoBQVymMYZpi%2FLIOjfoMqSGqMdrOP8Oh1t8xdjXD9HNEr%2BuC47dQjzNr%2BWoAYp1aBiSv4iPchT9NjBcrqtxfnKC%2FLyd7vtTRYuAbbuoZWRan%2BOoCI17Ey%2BYPk5QXs8Dr0a4YClRMqlmYXdQdvyKVl1H1uYAE0VmCpNczCoDTBM53jq4B1EGtgVw%3D%3D","environmentVariables":{"FIREBASE_CONFIG":"{\"projectId\":\"remix-portfolio\",\"storageBucket\":\"remix-portfolio.firebasestorage.app\"}","GCLOUD_PROJECT":"remix-portfolio","EVENTARC_CLOUD_EVENT_SOURCE":"projects/remix-portfolio/locations/us-central1/functions/api"},"runtime":"nodejs22","buildId":"33500d29-8c00-40f9-a1e4-1477132208c5","buildEnvironmentVariables":{"GOOGLE_NODE_RUN_SCRIPTS":""},"buildName":"projects/254152700126/locations/us-central1/builds/33500d29-8c00-40f9-a1e4-1477132208c5","dockerRegistry":"ARTIFACT_REGISTRY","automaticUpdatePolicy":{},"buildServiceAccount":"projects/remix-portfolio/serviceAccounts/254152700126-compute@developer.gserviceaccount.com"},"versionId":"2","updateTime":"2025-04-01T08:17:43Z","buildId":"7a093814-5396-4616-ae72-90daa17bcf11","buildName":"projects/254152700126/locations/us-central1/builds/7a093814-5396-4616-ae72-90daa17bcf11"}}
[debug] [2025-04-01T08:18:00.285Z] [update-default-us-central1-api] Retrying task index 0
[debug] [2025-04-01T08:18:00.286Z] Checked if tokens are valid: true, expires at: 1743496920172
[debug] [2025-04-01T08:18:00.286Z] Checked if tokens are valid: true, expires at: 1743496920172
[debug] [2025-04-01T08:18:00.286Z] >>> [apiv2][query] GET https://cloudfunctions.googleapis.com/v1/operations/cmVtaXgtcG9ydGZvbGlvL3VzLWNlbnRyYWwxL2FwaS9YdGxfbFJXeDFFdw [none]
[debug] [2025-04-01T08:18:00.897Z] <<< [apiv2][status] GET https://cloudfunctions.googleapis.com/v1/operations/cmVtaXgtcG9ydGZvbGlvL3VzLWNlbnRyYWwxL2FwaS9YdGxfbFJXeDFFdw 200
[debug] [2025-04-01T08:18:00.897Z] <<< [apiv2][body] GET https://cloudfunctions.googleapis.com/v1/operations/cmVtaXgtcG9ydGZvbGlvL3VzLWNlbnRyYWwxL2FwaS9YdGxfbFJXeDFFdw {"name":"operations/cmVtaXgtcG9ydGZvbGlvL3VzLWNlbnRyYWwxL2FwaS9YdGxfbFJXeDFFdw","metadata":{"@type":"type.googleapis.com/google.cloud.functions.v1.OperationMetadataV1","target":"projects/remix-portfolio/locations/us-central1/functions/api","type":"UPDATE_FUNCTION","request":{"@type":"type.googleapis.com/google.cloud.functions.v1.CloudFunction","name":"projects/remix-portfolio/locations/us-central1/functions/api","httpsTrigger":{"url":"https://us-central1-remix-portfolio.cloudfunctions.net/api","securityLevel":"SECURE_ALWAYS"},"status":"ACTIVE","entryPoint":"api","timeout":"30s","availableMemoryMb":256,"updateTime":"2025-04-01T07:49:20.008Z","versionId":"1","labels":{"deployment-tool":"cli-firebase","firebase-functions-hash":"8c690b70da36d71e14174a20549a8d3714b468c0"},"sourceUploadUrl":"https://storage.googleapis.com/uploads-599697328741.us-central1.cloudfunctions.appspot.com/d2283bc6-52f7-4cb6-9300-1eab2450c05d.zip?GoogleAccessId=service-254152700126@gcf-admin-robot.iam.gserviceaccount.com&Expires=1743497261&Signature=koLv9S9ZtQjhxMBbFFcXPaXQt%2Fi%2B6h6FzvsXhMSBDEFC8wz2N5sgM8BoJ0B0%2FNQo3Y6wE9so7oIA48Lgeg7FXN%2BySqxu5upMJBm67pkfnSpfbKwqc8zvG7zsa6O0l7tpvzk6fU3e4KxZzIvZRLv4mfUGXzist4JGoBQVymMYZpi%2FLIOjfoMqSGqMdrOP8Oh1t8xdjXD9HNEr%2BuC47dQjzNr%2BWoAYp1aBiSv4iPchT9NjBcrqtxfnKC%2FLyd7vtTRYuAbbuoZWRan%2BOoCI17Ey%2BYPk5QXs8Dr0a4YClRMqlmYXdQdvyKVl1H1uYAE0VmCpNczCoDTBM53jq4B1EGtgVw%3D%3D","environmentVariables":{"FIREBASE_CONFIG":"{\"projectId\":\"remix-portfolio\",\"storageBucket\":\"remix-portfolio.firebasestorage.app\"}","GCLOUD_PROJECT":"remix-portfolio","EVENTARC_CLOUD_EVENT_SOURCE":"projects/remix-portfolio/locations/us-central1/functions/api"},"runtime":"nodejs22","buildId":"33500d29-8c00-40f9-a1e4-1477132208c5","buildEnvironmentVariables":{"GOOGLE_NODE_RUN_SCRIPTS":""},"buildName":"projects/254152700126/locations/us-central1/builds/33500d29-8c00-40f9-a1e4-1477132208c5","dockerRegistry":"ARTIFACT_REGISTRY","automaticUpdatePolicy":{},"buildServiceAccount":"projects/remix-portfolio/serviceAccounts/254152700126-compute@developer.gserviceaccount.com"},"versionId":"2","updateTime":"2025-04-01T08:17:43Z","buildId":"7a093814-5396-4616-ae72-90daa17bcf11","buildName":"projects/254152700126/locations/us-central1/builds/7a093814-5396-4616-ae72-90daa17bcf11"}}
[debug] [2025-04-01T08:18:10.910Z] [update-default-us-central1-api] Retrying task index 0
[debug] [2025-04-01T08:18:10.911Z] Checked if tokens are valid: true, expires at: 1743496920172
[debug] [2025-04-01T08:18:10.911Z] Checked if tokens are valid: true, expires at: 1743496920172
[debug] [2025-04-01T08:18:10.911Z] >>> [apiv2][query] GET https://cloudfunctions.googleapis.com/v1/operations/cmVtaXgtcG9ydGZvbGlvL3VzLWNlbnRyYWwxL2FwaS9YdGxfbFJXeDFFdw [none]
[debug] [2025-04-01T08:18:11.527Z] <<< [apiv2][status] GET https://cloudfunctions.googleapis.com/v1/operations/cmVtaXgtcG9ydGZvbGlvL3VzLWNlbnRyYWwxL2FwaS9YdGxfbFJXeDFFdw 200
[debug] [2025-04-01T08:18:11.527Z] <<< [apiv2][body] GET https://cloudfunctions.googleapis.com/v1/operations/cmVtaXgtcG9ydGZvbGlvL3VzLWNlbnRyYWwxL2FwaS9YdGxfbFJXeDFFdw {"name":"operations/cmVtaXgtcG9ydGZvbGlvL3VzLWNlbnRyYWwxL2FwaS9YdGxfbFJXeDFFdw","metadata":{"@type":"type.googleapis.com/google.cloud.functions.v1.OperationMetadataV1","target":"projects/remix-portfolio/locations/us-central1/functions/api","type":"UPDATE_FUNCTION","request":{"@type":"type.googleapis.com/google.cloud.functions.v1.CloudFunction","name":"projects/remix-portfolio/locations/us-central1/functions/api","httpsTrigger":{"url":"https://us-central1-remix-portfolio.cloudfunctions.net/api","securityLevel":"SECURE_ALWAYS"},"status":"ACTIVE","entryPoint":"api","timeout":"30s","availableMemoryMb":256,"updateTime":"2025-04-01T07:49:20.008Z","versionId":"1","labels":{"deployment-tool":"cli-firebase","firebase-functions-hash":"8c690b70da36d71e14174a20549a8d3714b468c0"},"sourceUploadUrl":"https://storage.googleapis.com/uploads-599697328741.us-central1.cloudfunctions.appspot.com/d2283bc6-52f7-4cb6-9300-1eab2450c05d.zip?GoogleAccessId=service-254152700126@gcf-admin-robot.iam.gserviceaccount.com&Expires=1743497261&Signature=koLv9S9ZtQjhxMBbFFcXPaXQt%2Fi%2B6h6FzvsXhMSBDEFC8wz2N5sgM8BoJ0B0%2FNQo3Y6wE9so7oIA48Lgeg7FXN%2BySqxu5upMJBm67pkfnSpfbKwqc8zvG7zsa6O0l7tpvzk6fU3e4KxZzIvZRLv4mfUGXzist4JGoBQVymMYZpi%2FLIOjfoMqSGqMdrOP8Oh1t8xdjXD9HNEr%2BuC47dQjzNr%2BWoAYp1aBiSv4iPchT9NjBcrqtxfnKC%2FLyd7vtTRYuAbbuoZWRan%2BOoCI17Ey%2BYPk5QXs8Dr0a4YClRMqlmYXdQdvyKVl1H1uYAE0VmCpNczCoDTBM53jq4B1EGtgVw%3D%3D","environmentVariables":{"FIREBASE_CONFIG":"{\"projectId\":\"remix-portfolio\",\"storageBucket\":\"remix-portfolio.firebasestorage.app\"}","GCLOUD_PROJECT":"remix-portfolio","EVENTARC_CLOUD_EVENT_SOURCE":"projects/remix-portfolio/locations/us-central1/functions/api"},"runtime":"nodejs22","buildId":"33500d29-8c00-40f9-a1e4-1477132208c5","buildEnvironmentVariables":{"GOOGLE_NODE_RUN_SCRIPTS":""},"buildName":"projects/254152700126/locations/us-central1/builds/33500d29-8c00-40f9-a1e4-1477132208c5","dockerRegistry":"ARTIFACT_REGISTRY","automaticUpdatePolicy":{},"buildServiceAccount":"projects/remix-portfolio/serviceAccounts/254152700126-compute@developer.gserviceaccount.com"},"versionId":"2","updateTime":"2025-04-01T08:17:43Z","buildId":"7a093814-5396-4616-ae72-90daa17bcf11","buildName":"projects/254152700126/locations/us-central1/builds/7a093814-5396-4616-ae72-90daa17bcf11"}}
[debug] [2025-04-01T08:18:21.534Z] [update-default-us-central1-api] Retrying task index 0
[debug] [2025-04-01T08:18:21.534Z] Checked if tokens are valid: true, expires at: 1743496920172
[debug] [2025-04-01T08:18:21.534Z] Checked if tokens are valid: true, expires at: 1743496920172
[debug] [2025-04-01T08:18:21.535Z] >>> [apiv2][query] GET https://cloudfunctions.googleapis.com/v1/operations/cmVtaXgtcG9ydGZvbGlvL3VzLWNlbnRyYWwxL2FwaS9YdGxfbFJXeDFFdw [none]
[debug] [2025-04-01T08:18:22.137Z] <<< [apiv2][status] GET https://cloudfunctions.googleapis.com/v1/operations/cmVtaXgtcG9ydGZvbGlvL3VzLWNlbnRyYWwxL2FwaS9YdGxfbFJXeDFFdw 200
[debug] [2025-04-01T08:18:22.138Z] <<< [apiv2][body] GET https://cloudfunctions.googleapis.com/v1/operations/cmVtaXgtcG9ydGZvbGlvL3VzLWNlbnRyYWwxL2FwaS9YdGxfbFJXeDFFdw {"name":"operations/cmVtaXgtcG9ydGZvbGlvL3VzLWNlbnRyYWwxL2FwaS9YdGxfbFJXeDFFdw","metadata":{"@type":"type.googleapis.com/google.cloud.functions.v1.OperationMetadataV1","target":"projects/remix-portfolio/locations/us-central1/functions/api","type":"UPDATE_FUNCTION","request":{"@type":"type.googleapis.com/google.cloud.functions.v1.CloudFunction","name":"projects/remix-portfolio/locations/us-central1/functions/api","httpsTrigger":{"url":"https://us-central1-remix-portfolio.cloudfunctions.net/api","securityLevel":"SECURE_ALWAYS"},"status":"ACTIVE","entryPoint":"api","timeout":"30s","availableMemoryMb":256,"updateTime":"2025-04-01T07:49:20.008Z","versionId":"1","labels":{"deployment-tool":"cli-firebase","firebase-functions-hash":"8c690b70da36d71e14174a20549a8d3714b468c0"},"sourceUploadUrl":"https://storage.googleapis.com/uploads-599697328741.us-central1.cloudfunctions.appspot.com/d2283bc6-52f7-4cb6-9300-1eab2450c05d.zip?GoogleAccessId=service-254152700126@gcf-admin-robot.iam.gserviceaccount.com&Expires=1743497261&Signature=koLv9S9ZtQjhxMBbFFcXPaXQt%2Fi%2B6h6FzvsXhMSBDEFC8wz2N5sgM8BoJ0B0%2FNQo3Y6wE9so7oIA48Lgeg7FXN%2BySqxu5upMJBm67pkfnSpfbKwqc8zvG7zsa6O0l7tpvzk6fU3e4KxZzIvZRLv4mfUGXzist4JGoBQVymMYZpi%2FLIOjfoMqSGqMdrOP8Oh1t8xdjXD9HNEr%2BuC47dQjzNr%2BWoAYp1aBiSv4iPchT9NjBcrqtxfnKC%2FLyd7vtTRYuAbbuoZWRan%2BOoCI17Ey%2BYPk5QXs8Dr0a4YClRMqlmYXdQdvyKVl1H1uYAE0VmCpNczCoDTBM53jq4B1EGtgVw%3D%3D","environmentVariables":{"FIREBASE_CONFIG":"{\"projectId\":\"remix-portfolio\",\"storageBucket\":\"remix-portfolio.firebasestorage.app\"}","GCLOUD_PROJECT":"remix-portfolio","EVENTARC_CLOUD_EVENT_SOURCE":"projects/remix-portfolio/locations/us-central1/functions/api"},"runtime":"nodejs22","buildId":"33500d29-8c00-40f9-a1e4-1477132208c5","buildEnvironmentVariables":{"GOOGLE_NODE_RUN_SCRIPTS":""},"buildName":"projects/254152700126/locations/us-central1/builds/33500d29-8c00-40f9-a1e4-1477132208c5","dockerRegistry":"ARTIFACT_REGISTRY","automaticUpdatePolicy":{},"buildServiceAccount":"projects/remix-portfolio/serviceAccounts/254152700126-compute@developer.gserviceaccount.com"},"versionId":"2","updateTime":"2025-04-01T08:17:43Z","buildId":"7a093814-5396-4616-ae72-90daa17bcf11","buildName":"projects/254152700126/locations/us-central1/builds/7a093814-5396-4616-ae72-90daa17bcf11"}}
[debug] [2025-04-01T08:18:32.138Z] [update-default-us-central1-api] Retrying task index 0
[debug] [2025-04-01T08:18:32.138Z] Checked if tokens are valid: true, expires at: 1743496920172
[debug] [2025-04-01T08:18:32.138Z] Checked if tokens are valid: true, expires at: 1743496920172
[debug] [2025-04-01T08:18:32.138Z] >>> [apiv2][query] GET https://cloudfunctions.googleapis.com/v1/operations/cmVtaXgtcG9ydGZvbGlvL3VzLWNlbnRyYWwxL2FwaS9YdGxfbFJXeDFFdw [none]
[debug] [2025-04-01T08:18:32.733Z] <<< [apiv2][status] GET https://cloudfunctions.googleapis.com/v1/operations/cmVtaXgtcG9ydGZvbGlvL3VzLWNlbnRyYWwxL2FwaS9YdGxfbFJXeDFFdw 200
[debug] [2025-04-01T08:18:32.733Z] <<< [apiv2][body] GET https://cloudfunctions.googleapis.com/v1/operations/cmVtaXgtcG9ydGZvbGlvL3VzLWNlbnRyYWwxL2FwaS9YdGxfbFJXeDFFdw {"name":"operations/cmVtaXgtcG9ydGZvbGlvL3VzLWNlbnRyYWwxL2FwaS9YdGxfbFJXeDFFdw","metadata":{"@type":"type.googleapis.com/google.cloud.functions.v1.OperationMetadataV1","target":"projects/remix-portfolio/locations/us-central1/functions/api","type":"UPDATE_FUNCTION","request":{"@type":"type.googleapis.com/google.cloud.functions.v1.CloudFunction","name":"projects/remix-portfolio/locations/us-central1/functions/api","httpsTrigger":{"url":"https://us-central1-remix-portfolio.cloudfunctions.net/api","securityLevel":"SECURE_ALWAYS"},"status":"ACTIVE","entryPoint":"api","timeout":"30s","availableMemoryMb":256,"updateTime":"2025-04-01T07:49:20.008Z","versionId":"1","labels":{"deployment-tool":"cli-firebase","firebase-functions-hash":"8c690b70da36d71e14174a20549a8d3714b468c0"},"sourceUploadUrl":"https://storage.googleapis.com/uploads-599697328741.us-central1.cloudfunctions.appspot.com/d2283bc6-52f7-4cb6-9300-1eab2450c05d.zip?GoogleAccessId=service-254152700126@gcf-admin-robot.iam.gserviceaccount.com&Expires=1743497261&Signature=koLv9S9ZtQjhxMBbFFcXPaXQt%2Fi%2B6h6FzvsXhMSBDEFC8wz2N5sgM8BoJ0B0%2FNQo3Y6wE9so7oIA48Lgeg7FXN%2BySqxu5upMJBm67pkfnSpfbKwqc8zvG7zsa6O0l7tpvzk6fU3e4KxZzIvZRLv4mfUGXzist4JGoBQVymMYZpi%2FLIOjfoMqSGqMdrOP8Oh1t8xdjXD9HNEr%2BuC47dQjzNr%2BWoAYp1aBiSv4iPchT9NjBcrqtxfnKC%2FLyd7vtTRYuAbbuoZWRan%2BOoCI17Ey%2BYPk5QXs8Dr0a4YClRMqlmYXdQdvyKVl1H1uYAE0VmCpNczCoDTBM53jq4B1EGtgVw%3D%3D","environmentVariables":{"FIREBASE_CONFIG":"{\"projectId\":\"remix-portfolio\",\"storageBucket\":\"remix-portfolio.firebasestorage.app\"}","GCLOUD_PROJECT":"remix-portfolio","EVENTARC_CLOUD_EVENT_SOURCE":"projects/remix-portfolio/locations/us-central1/functions/api"},"runtime":"nodejs22","buildId":"33500d29-8c00-40f9-a1e4-1477132208c5","buildEnvironmentVariables":{"GOOGLE_NODE_RUN_SCRIPTS":""},"buildName":"projects/254152700126/locations/us-central1/builds/33500d29-8c00-40f9-a1e4-1477132208c5","dockerRegistry":"ARTIFACT_REGISTRY","automaticUpdatePolicy":{},"buildServiceAccount":"projects/remix-portfolio/serviceAccounts/254152700126-compute@developer.gserviceaccount.com"},"versionId":"2","updateTime":"2025-04-01T08:17:43Z","buildId":"7a093814-5396-4616-ae72-90daa17bcf11","sourceToken":"798b9e2c-20aa-4931-a399-95c115a2750b","buildName":"projects/254152700126/locations/us-central1/builds/7a093814-5396-4616-ae72-90daa17bcf11"}}
[debug] [2025-04-01T08:18:32.733Z] Got source token 798b9e2c-20aa-4931-a399-95c115a2750b for region us-central1
